1627891290367	geckodriver	INFO	Listening on 127.0.0.1:58231
1627891291367	mozrunner::runner	INFO	Running command: "/usr/bin/firefox" "--marionette" "-foreground" "-no-remote" "-profile" "/tmp/rust_mozprofile2aG04m"
1627891292235	Marionette	INFO	Marionette enabled
console.warn: SearchSettings: "get: No settings file exists, new profile?" (new NotFoundError("Could not open the file at /tmp/rust_mozprofile2aG04m/search.json.mozlz4", (void 0)))
1627891294141	Marionette	INFO	Listening on port 33121
1627891294200	Marionette	WARN	TLS certificate errors will be ignored for this session
console.error: services.settings: 
  main/doh-providers Signature failed  InvalidSignatureError: Invalid content signature (main/doh-providers)
console.error: services.settings: 
  main/doh-providers local data was corrupted
console.warn: services.settings: main/doh-providers Signature verified failed. Retry from scratch
console.error: services.settings: 
  main/doh-config Signature failed  InvalidSignatureError: Invalid content signature (main/doh-config)
console.error: services.settings: 
  main/doh-config local data was corrupted
console.warn: services.settings: main/doh-config Signature verified failed. Retry from scratch
console.log: WebExtensions: reset-default-search: starting.
console.log: WebExtensions: reset-default-search: No addons in our list are installed.
1627891694662	Marionette	INFO	Stopped listening on port 33121

###!!! [Parent][RunMessage] Error: Channel closing: too late to send/recv, messages will be lost

1627891697396	geckodriver	INFO	Listening on 127.0.0.1:55137
1627891697399	mozrunner::runner	INFO	Running command: "/usr/bin/firefox" "--marionette" "-foreground" "-no-remote" "-profile" "/tmp/rust_mozprofiledaKq1j"
1627891697893	Marionette	INFO	Marionette enabled
console.warn: SearchSettings: "get: No settings file exists, new profile?" (new NotFoundError("Could not open the file at /tmp/rust_mozprofiledaKq1j/search.json.mozlz4", (void 0)))
1627891699395	Marionette	INFO	Listening on port 39435
1627891699424	Marionette	WARN	TLS certificate errors will be ignored for this session
console.error: services.settings: 
  main/doh-providers Signature failed  InvalidSignatureError: Invalid content signature (main/doh-providers)
console.error: services.settings: 
  main/doh-providers local data was corrupted
console.warn: services.settings: main/doh-providers Signature verified failed. Retry from scratch
console.error: services.settings: 
  main/doh-config Signature failed  InvalidSignatureError: Invalid content signature (main/doh-config)
console.error: services.settings: 
  main/doh-config local data was corrupted
console.warn: services.settings: main/doh-config Signature verified failed. Retry from scratch
JavaScript error: , line 0: uncaught exception: Object
JavaScript error: https://static.xx.fbcdn.net/rsrc.php/v3ida54/yT/l/en_US/3CbCFA_H3oIQmSVEjBSpqGF7Lyz9heb63sVz0PODGUOja8YTHq9pcwUC_fAmuHJGev6dgBSVP2lsj.js?_nc_x=EOEU-yRmAr4&_nc_eui2=AeF1_NcSQZnIPd6_pIWBOyWT_UnItVNelcr9Sci1U16VymRfctIte90bdIU-UqV_1IjdDMewrxNlDFw2Tj6aOIaS, line 131: cancelled: operation is cancelled
JavaScript error: , line 0: uncaught exception: Object
console.log: WebExtensions: reset-default-search: starting.
console.log: WebExtensions: reset-default-search: No addons in our list are installed.
1627892353404	Marionette	INFO	Stopped listening on port 39435
1627892356863	geckodriver	INFO	Listening on 127.0.0.1:39765
1627892356865	mozrunner::runner	INFO	Running command: "/usr/bin/firefox" "--marionette" "-foreground" "-no-remote" "-profile" "/tmp/rust_mozprofilewSmnay"
1627892357348	Marionette	INFO	Marionette enabled
console.warn: SearchSettings: "get: No settings file exists, new profile?" (new NotFoundError("Could not open the file at /tmp/rust_mozprofilewSmnay/search.json.mozlz4", (void 0)))
1627892358788	Marionette	INFO	Listening on port 41333
1627892358892	Marionette	WARN	TLS certificate errors will be ignored for this session
console.error: services.settings: 
  main/doh-providers Signature failed  InvalidSignatureError: Invalid content signature (main/doh-providers)
console.error: services.settings: 
  main/doh-providers local data was corrupted
console.warn: services.settings: main/doh-providers Signature verified failed. Retry from scratch
console.error: services.settings: 
  main/doh-config Signature failed  InvalidSignatureError: Invalid content signature (main/doh-config)
console.error: services.settings: 
  main/doh-config local data was corrupted
console.warn: services.settings: main/doh-config Signature verified failed. Retry from scratch
console.log: WebExtensions: reset-default-search: starting.
console.log: WebExtensions: reset-default-search: No addons in our list are installed.
Handler function threw an exception: [Exception... "Component returned failure code: 0x80040111 (NS_ERROR_NOT_AVAILABLE) [nsIHttpChannelInternal.remoteAddress]"  nsresult: "0x80040111 (NS_ERROR_NOT_AVAILABLE)"  location: "JS frame :: resource://devtools/server/actors/network-monitor/network-observer.js :: _onResponseHeader :: line 1043"  data: no]
Stack: _onResponseHeader@resource://devtools/server/actors/network-monitor/network-observer.js:1043:5
_dispatchActivity@resource://devtools/server/actors/network-monitor/network-observer.js:620:14
NetworkObserver.prototype.observeActivity<@resource://devtools/server/actors/network-monitor/network-observer.js:729:12
exports.makeInfallible/<@resource://devtools/shared/ThreadSafeDevToolsUtils.js:103:22
Line: 1043, column: 0
console.error: ({})
1627893322168	Marionette	INFO	Stopped listening on port 41333
1627893333880	geckodriver	INFO	Listening on 127.0.0.1:34913
1627893333885	mozrunner::runner	INFO	Running command: "/usr/bin/firefox" "--marionette" "-foreground" "-no-remote" "-profile" "/tmp/rust_mozprofilet2HCJa"
1627893334387	Marionette	INFO	Marionette enabled
console.warn: SearchSettings: "get: No settings file exists, new profile?" (new NotFoundError("Could not open the file at /tmp/rust_mozprofilet2HCJa/search.json.mozlz4", (void 0)))
1627893335796	Marionette	INFO	Listening on port 34303
1627893335916	Marionette	WARN	TLS certificate errors will be ignored for this session
console.error: services.settings: 
  main/doh-providers Signature failed  InvalidSignatureError: Invalid content signature (main/doh-providers)
console.error: services.settings: 
  main/doh-providers local data was corrupted
console.warn: services.settings: main/doh-providers Signature verified failed. Retry from scratch
console.error: services.settings: 
  main/doh-config Signature failed  InvalidSignatureError: Invalid content signature (main/doh-config)
console.error: services.settings: 
  main/doh-config local data was corrupted
console.warn: services.settings: main/doh-config Signature verified failed. Retry from scratch
console.log: WebExtensions: reset-default-search: starting.
console.log: WebExtensions: reset-default-search: No addons in our list are installed.
1627894192594	Marionette	INFO	Stopped listening on port 34303
1627894210100	geckodriver	INFO	Listening on 127.0.0.1:47311
1627894210105	mozrunner::runner	INFO	Running command: "/usr/bin/firefox" "--marionette" "-foreground" "-no-remote" "-profile" "/tmp/rust_mozprofilex1xGmd"
1627894210601	Marionette	INFO	Marionette enabled
console.warn: SearchSettings: "get: No settings file exists, new profile?" (new NotFoundError("Could not open the file at /tmp/rust_mozprofilex1xGmd/search.json.mozlz4", (void 0)))
1627894212061	Marionette	INFO	Listening on port 37399
1627894212134	Marionette	WARN	TLS certificate errors will be ignored for this session
console.error: services.settings: 
  main/doh-providers Signature failed  InvalidSignatureError: Invalid content signature (main/doh-providers)
console.error: services.settings: 
  main/doh-providers local data was corrupted
console.warn: services.settings: main/doh-providers Signature verified failed. Retry from scratch
console.error: services.settings: 
  main/doh-config Signature failed  InvalidSignatureError: Invalid content signature (main/doh-config)
console.error: services.settings: 
  main/doh-config local data was corrupted
console.warn: services.settings: main/doh-config Signature verified failed. Retry from scratch
